2024-03-11 20:52:40,515 INFO [main] fileAPI [ProductsAPI.java:55] обработка пустого запроса поиска товаров
2024-03-11 21:08:01,405 INFO [main] fileAPI [AccountUserAPI.java:18] создание нового аккаутна с email: 'nameUserApi@mail.com'
2024-03-11 21:08:05,586 INFO [main] fileAPI [AccountUserAPI.java:46] вход в аккаунт с email: 'nameUserApi@mail.com'
2024-03-11 21:08:06,563 INFO [main] fileAPI [AccountUserAPI.java:31] удаление аккаунта с email: 'nameUserApi@mail.com'
2024-03-11 21:08:07,214 INFO [main] fileAPI [AccountUserAPI.java:18] создание нового аккаутна с email: 'nameUserApi@mail.com'
2024-03-11 21:08:07,713 INFO [main] fileAPI [AccountUserAPI.java:18] создание нового аккаутна с email: 'nameUserApi@mail.com'
2024-03-11 21:08:08,666 INFO [main] fileAPI [AccountUserAPI.java:60] вход в аккаунт с пустым email: '
2024-03-11 21:08:09,065 INFO [main] fileAPI [AccountUserAPI.java:18] создание нового аккаутна с email: 'nameUserApi@mail.com'
2024-03-11 21:08:09,484 INFO [main] fileAPI [AccountUserAPI.java:18] создание нового аккаутна с email: 'nameUserApi@mail.com'
2024-03-11 21:08:09,949 INFO [main] fileAPI [AccountUserAPI.java:46] вход в аккаунт с email: 'invalidnameUserApi@mail.com'
2024-03-11 21:11:05,011 INFO [main] fileAPI [ProductsAPI.java:42] получение выборки товаров по содержанию в имени
2024-03-11 21:11:12,788 INFO [main] fileAPI [ProductsAPI.java:29] Получение списка всех брендов
2024-03-11 21:11:13,886 INFO [main] fileAPI [ProductsAPI.java:16] Получение листа всех товаров
2024-03-11 21:11:14,440 INFO [main] fileAPI [ProductsAPI.java:55] обработка пустого запроса поиска товаров
2024-03-11 21:17:01,870 INFO [main] fileAPI [ProductsAPI.java:42] получение выборки товаров по содержанию в имени
2024-03-11 21:17:10,447 INFO [main] fileAPI [ProductsAPI.java:29] Получение списка всех брендов
2024-03-11 21:17:11,075 INFO [main] fileAPI [ProductsAPI.java:16] Получение листа всех товаров
2024-03-11 21:17:11,675 INFO [main] fileAPI [ProductsAPI.java:55] обработка пустого запроса поиска товаров
2024-03-11 21:23:12,335 INFO [main] fileAPI [ProductsAPI.java:42] получение выборки товаров по содержанию в имени
2024-03-11 21:23:23,054 INFO [main] fileAPI [ProductsAPI.java:29] Получение списка всех брендов
2024-03-11 21:23:24,056 INFO [main] fileAPI [ProductsAPI.java:16] Получение листа всех товаров
2024-03-11 21:23:25,302 INFO [main] fileAPI [ProductsAPI.java:55] обработка пустого запроса поиска товаров
2024-03-11 21:26:22,699 INFO [main] fileAPI [ProductsAPI.java:42] получение выборки товаров по содержанию в имени
2024-03-11 21:26:30,056 INFO [main] fileAPI [ProductsAPI.java:29] Получение списка всех брендов
2024-03-11 21:26:30,899 INFO [main] fileAPI [ProductsAPI.java:16] Получение листа всех товаров
2024-03-11 21:26:31,643 INFO [main] fileAPI [ProductsAPI.java:55] обработка пустого запроса поиска товаров
